  piele_bogdan_dijkstra.c
  DijkstraHeader.c
  GraphHeader.c
C:\Users\Administrator\Documents\GitHub\sda\lab\dijkstra\GraphHeader.c(16,8): warning C4101: 'car': unreferenced local variable
  MinHeapHeader.c
C:\Users\Administrator\Documents\GitHub\sda\lab\dijkstra\MinHeapHeader.c(28,17): warning C4047: '=': 'HeapNode **' differs in levels of indirection from 'int *'
C:\Users\Administrator\Documents\GitHub\sda\lab\dijkstra\MinHeapHeader.c(47,10): warning C4477: 'printf' : format string '%d' requires an argument of type 'int', but variadic argument 1 has type 'HeapNode *'
C:\Users\Administrator\Documents\GitHub\sda\lab\dijkstra\MinHeapHeader.c(97,26): warning C4047: '=': 'int' differs in levels of indirection from 'HeapNode *'
C:\Users\Administrator\Documents\GitHub\sda\lab\dijkstra\MinHeapHeader.c(141,25): warning C4047: 'function': 'int *' differs in levels of indirection from 'HeapNode **'
C:\Users\Administrator\Documents\GitHub\sda\lab\dijkstra\MinHeapHeader.c(141,25): warning C4024: 'fSwap': different types for formal and actual parameter 1
C:\Users\Administrator\Documents\GitHub\sda\lab\dijkstra\MinHeapHeader.c(141,45): warning C4047: 'function': 'int *' differs in levels of indirection from 'HeapNode **'
C:\Users\Administrator\Documents\GitHub\sda\lab\dijkstra\MinHeapHeader.c(141,45): warning C4024: 'fSwap': different types for formal and actual parameter 2
C:\Users\Administrator\Documents\GitHub\sda\lab\dijkstra\MinHeapHeader.c(124,1): warning C4047: 'initializing': 'int *' differs in levels of indirection from 'HeapNode **'
C:\Users\Administrator\Documents\GitHub\sda\lab\dijkstra\MinHeapHeader.c(174,25): warning C4047: 'function': 'int *' differs in levels of indirection from 'HeapNode **'
C:\Users\Administrator\Documents\GitHub\sda\lab\dijkstra\MinHeapHeader.c(174,25): warning C4024: 'fSwap': different types for formal and actual parameter 1
C:\Users\Administrator\Documents\GitHub\sda\lab\dijkstra\MinHeapHeader.c(174,45): warning C4047: 'function': 'int *' differs in levels of indirection from 'HeapNode **'
C:\Users\Administrator\Documents\GitHub\sda\lab\dijkstra\MinHeapHeader.c(174,45): warning C4024: 'fSwap': different types for formal and actual parameter 2
C:\Users\Administrator\Documents\GitHub\sda\lab\dijkstra\MinHeapHeader.c(200,27): warning C4047: 'function': 'int *' differs in levels of indirection from 'HeapNode **'
C:\Users\Administrator\Documents\GitHub\sda\lab\dijkstra\MinHeapHeader.c(200,27): warning C4024: 'fSwap': different types for formal and actual parameter 1
C:\Users\Administrator\Documents\GitHub\sda\lab\dijkstra\MinHeapHeader.c(200,44): warning C4047: 'function': 'int *' differs in levels of indirection from 'HeapNode **'
C:\Users\Administrator\Documents\GitHub\sda\lab\dijkstra\MinHeapHeader.c(200,44): warning C4024: 'fSwap': different types for formal and actual parameter 2
C:\Users\Administrator\Documents\GitHub\sda\lab\dijkstra\MinHeapHeader.c(251,33): warning C4047: '=': 'HeapNode *' differs in levels of indirection from 'int'
C:\Users\Administrator\Documents\GitHub\sda\lab\dijkstra\MinHeapHeader.c(248,1): warning C4047: 'initializing': 'int' differs in levels of indirection from 'HeapNode *'
  Generating Code...
  dijkstra.vcxproj -> C:\Users\Administrator\Documents\GitHub\sda\lab\dijkstra\Debug\dijkstra.exe

Project Performance Summary:
     2660 ms  C:\Users\Administrator\Documents\GitHub\sda\lab\dijkstra\dijkstra.vcxproj   1 calls
               2660 ms  Build                                      1 calls

Target Performance Summary:
        0 ms  _ResourceCompile                           1 calls
        0 ms  AfterLink                                  1 calls
        0 ms  ComputeLinkImportLibraryOutputsForClean    1 calls
        0 ms  PreLinkEvent                               1 calls
        0 ms  PrepareResourceNames                       1 calls
        0 ms  CreateCustomManifestResourceNames          1 calls
        0 ms  ComputeManifestInputsTargets               1 calls
        0 ms  ComputeManifestGeneratedLinkerInputs       1 calls
        0 ms  ComputeRCGeneratedLinkInputs               1 calls
        0 ms  _Link                                      1 calls
        0 ms  ComputeRCOutputs                           1 calls
        0 ms  ComputeLegacyManifestEmbedding             1 calls
        0 ms  BuildCompile                               1 calls
        0 ms  _BuildCompileAction                        1 calls
        0 ms  AfterBuildCompileEvent                     1 calls
        0 ms  AfterResourceCompile                       1 calls
        0 ms  BeforeResourceCompile                      1 calls
        0 ms  _ClCompile                                 1 calls
        0 ms  AfterClCompile                             1 calls
        0 ms  BeforeLink                                 1 calls
        0 ms  SelectClCompile                            1 calls
        0 ms  _ALink                                     1 calls
        0 ms  ResolvedXDCMake                            1 calls
        0 ms  AfterBuild                                 1 calls
        0 ms  BuildLink                                  1 calls
        0 ms  _BuildLinkAction                           1 calls
        0 ms  PostBuildEvent                             1 calls
        0 ms  PrepareForRun                              1 calls
        0 ms  _CheckForCompileOutputs                    1 calls
        0 ms  _CopySourceItemsToOutputDirectory          1 calls
        0 ms  _GetCopyToOutputDirectoryItemsFromThisProject   1 calls
        0 ms  _Manifest                                  1 calls
        0 ms  _PopulateCommonStateForGetCopyToOutputDirectoryItems   1 calls
        0 ms  _Appverifier                               1 calls
        0 ms  CreateSatelliteAssemblies                  1 calls
        0 ms  _GenerateSatelliteAssemblyInputs           1 calls
        0 ms  _BscMake                                   1 calls
        0 ms  MakeDirsForBscMake                         1 calls
        0 ms  _XdcMake                                   1 calls
        0 ms  MakeDirsForXdcMake                         1 calls
        0 ms  ComputeCLCompileGeneratedXDCFiles          1 calls
        0 ms  _Deploy                                    1 calls
        0 ms  ComputeReferenceCLInput                    1 calls
        0 ms  Build                                      1 calls
        0 ms  ComputeCLInputPDBName                      1 calls
        0 ms  SelectCustomBuild                          1 calls
        0 ms  _SelectedFiles                             1 calls
        0 ms  FindReferenceAssembliesForReferences       1 calls
        0 ms  BeforeBuildGenerateSources                 1 calls
        0 ms  ResolveReferences                          1 calls
        0 ms  AfterResolveReferences                     1 calls
        0 ms  ExpandSDKReferences                        1 calls
        0 ms  ResolveSDKReferences                       1 calls
        0 ms  SetCABuildNativeEnvironmentVariables       1 calls
        0 ms  _CheckWindowsSDKInstalled                  1 calls
        0 ms  SetBuildDefaultEnvironmentVariables        1 calls
        0 ms  GetFrameworkPaths                          1 calls
        0 ms  PrepareProjectReferences                   1 calls
        0 ms  _SplitProjectReferencesByFileExistence     1 calls
        0 ms  BeforeResolveReferences                    1 calls
        0 ms  ComputeCustomBuildOutput                   1 calls
        0 ms  CopyFileToFolders                          1 calls
        0 ms  PreBuildEvent                              1 calls
        0 ms  _Midl                                      1 calls
        0 ms  AfterBuildGenerateSourcesEvent             1 calls
        0 ms  _Xsd                                       1 calls
        0 ms  BeforeClCompile                            1 calls
        0 ms  AfterMidl                                  1 calls
        0 ms  AfterBuildGenerateSources                  1 calls
        0 ms  _BuildGenerateSourcesAction                1 calls
        0 ms  ComputeMIDLGeneratedCompileInputs          1 calls
        0 ms  BuildGenerateSources                       1 calls
        0 ms  BuildCompileTraverse                       1 calls
        1 ms  AssignTargetPaths                          1 calls
        1 ms  ComputeCLGeneratedLinkInputs               1 calls
        1 ms  _GetCopyToOutputDirectoryItemsFromTransitiveProjectReferences   1 calls
        1 ms  GetReferenceAssemblyPaths                  1 calls
        1 ms  BuildGenerateSourcesTraverse               1 calls
        1 ms  RegisterOutput                             1 calls
        1 ms  ComputeCLCompileGeneratedSbrFiles          1 calls
        1 ms  IncrementalClean                           1 calls
        1 ms  DoLinkOutputFilesMatch                     1 calls
        1 ms  BuildLinkTraverse                          1 calls
        1 ms  ComputeLinkInputsFromProject               1 calls
        1 ms  _PrepareForReferenceResolution             1 calls
        1 ms  FixupCLCompileOptions                      1 calls
        1 ms  _PrepareForBuild                           1 calls
        1 ms  SplitResourcesByCulture                    1 calls
        1 ms  MakeDirsForMidl                            1 calls
        1 ms  GetCopyToOutputDirectoryXamlAppDefs        1 calls
        1 ms  GetResolvedWinMD                           1 calls
        1 ms  ResolveAssemblyReferences                  1 calls
        2 ms  ComputeCLOutputs                           1 calls
        2 ms  GetCopyToOutputDirectoryItems              1 calls
        2 ms  AssignProjectConfiguration                 1 calls
        2 ms  MakeDirsForLink                            1 calls
        2 ms  _CleanGetCurrentAndPriorFileWrites         1 calls
        2 ms  CopyFilesToOutputDirectory                 1 calls
        3 ms  FinalizeBuildStatus                        1 calls
        4 ms  _GetProjectReferenceTargetFrameworkProperties   1 calls
        5 ms  ComputeLinkSwitches                        1 calls
        5 ms  MakeDirsForResourceCompile                 1 calls
        7 ms  WarnCompileDuplicatedFilename              1 calls
        7 ms  MakeDirsForCl                              1 calls
        9 ms  InitializeBuildStatus                      1 calls
       10 ms  SetTelemetryEnvironmentVariables           1 calls
       10 ms  CustomBuild                                1 calls
       17 ms  PrepareForBuild                            1 calls
       24 ms  _CheckForInvalidConfigurationAndPlatform   1 calls
       37 ms  ResolveProjectReferences                   1 calls
     1235 ms  Link                                       1 calls
     1245 ms  ClCompile                                  1 calls

Task Performance Summary:
        0 ms  ConvertToAbsolutePath                      1 calls
        0 ms  RemoveDuplicates                           2 calls
        1 ms  AssignTargetPath                           7 calls
        1 ms  CallTarget                                 2 calls
        1 ms  Message                                    3 calls
        1 ms  Copy                                       1 calls
        1 ms  Delete                                     2 calls
        1 ms  AssignCulture                              1 calls
        1 ms  ReadLinesFromFile                          2 calls
        2 ms  AssignProjectConfiguration                 1 calls
        2 ms  SetEnv                                     8 calls
        2 ms  CheckVCToolsetVersion                      1 calls
        2 ms  FindUnderPath                              5 calls
        3 ms  WriteLinesToFile                           1 calls
        3 ms  MSBuild                                    1 calls
        5 ms  Touch                                      2 calls
        6 ms  MakeDir                                    9 calls
       10 ms  GetOutOfDateItems                          3 calls
     1233 ms  Link                                       1 calls
     1242 ms  CL                                         1 calls
