Elvetia
China
Franta
Spania
Georgia
Letonia
Romania
Estonia
Germania
Rusia
Croatia
Suedia
Australia
Brazilia
Serbia
Belgia
Argentina
Japonia
Chile
Polonia
Uruguai
Pakistan
Danemarca
Norvegia
Irlanda
Turcia
Cipru
Italia
Grecia
India
Slovacia
Bulgaria

====== ETAPA 1 ======

Bulgaria 0 ----- Slovacia 0
Dimitrov Grigor 19 vs Klizan Martin 30
Dimitrov Grigor 19 vs Beck Karol 25
Dimitrov Grigor 19 vs Mecir Miloslav 22
Kuzmanov Dimitar 30 vs Klizan Martin 30
Kuzmanov Dimitar 30 vs Beck Karol 25
Kuzmanov Dimitar 30 vs Mecir Miloslav 22
Lazarov Alexander 27 vs Klizan Martin 30
Lazarov Alexander 27 vs Beck Karol 25
Lazarov Alexander 27 vs Mecir Miloslav 22

India 0 ----- Grecia 0
Paes Leander 23 vs Tsitsipas Stefanos 20
Paes Leander 23 vs Jakupovic Alexandros 19
Paes Leander 23 vs Economidis Konstantinos 25
Bhambri Yuki 26 vs Tsitsipas Stefanos 20
Bhambri Yuki 26 vs Jakupovic Alexandros 19
Bhambri Yuki 26 vs Economidis Konstantinos 25
Nagal Sumit 22 vs Tsitsipas Stefanos 20
Nagal Sumit 22 vs Jakupovic Alexandros 19
Nagal Sumit 22 vs Economidis Konstantinos 25

Italia 0 ----- Cipru 0
Fognini Fabio 29 vs Baghdatis Marcos 19
Fognini Fabio 29 vs Chrysochos Petros 30
Fognini Fabio 29 vs Pervolarakis Michail 28
Cecchinato Marco 25 vs Baghdatis Marcos 19
Cecchinato Marco 25 vs Chrysochos Petros 30
Cecchinato Marco 25 vs Pervolarakis Michail 28
Berrettini Matteo 30 vs Baghdatis Marcos 19
Berrettini Matteo 30 vs Chrysochos Petros 30
Berrettini Matteo 30 vs Pervolarakis Michail 28

Turcia 0 ----- Irlanda 0
Ilhan Marsel 27 vs McGee James 25
Ilhan Marsel 27 vs Sorensen Louk 28
Ilhan Marsel 27 vs Cluskey James 23
Celikbilek Altug 20 vs McGee James 25
Celikbilek Altug 20 vs Sorensen Louk 28
Celikbilek Altug 20 vs Cluskey James 23
Ilkel Cem 28 vs McGee James 25
Ilkel Cem 28 vs Sorensen Louk 28
Ilkel Cem 28 vs Cluskey James 23

Norvegia 0 ----- Danemarca 0
Durasovic Viktor 22 vs Nielsen Kurt 27
Durasovic Viktor 22 vs Carlsen Kenneth 20
Durasovic Viktor 22 vs Ulrich Lars 30
Ruud Casper 26 vs Nielsen Kurt 27
Ruud Casper 26 vs Carlsen Kenneth 20
Ruud Casper 26 vs Ulrich Lars 30
Langaard Conrad 20 vs Nielsen Kurt 27
Langaard Conrad 20 vs Carlsen Kenneth 20
Langaard Conrad 20 vs Ulrich Lars 30

Pakistan 0 ----- Uruguai 0
Khan Aqeel 17 vs Cuevas Martin 19
Khan Aqeel 17 vs Cuevas Pablo 27
Khan Aqeel 17 vs Behar Ariel 25
Meer Saeed 25 vs Cuevas Martin 19
Meer Saeed 25 vs Cuevas Pablo 27
Meer Saeed 25 vs Behar Ariel 25
Rahim Haroon 22 vs Cuevas Martin 19
Rahim Haroon 22 vs Cuevas Pablo 27
Rahim Haroon 22 vs Behar Ariel 25

Polonia 0 ----- Chile 0
Kubot Lukasz 24 vs Gonzalez Fernando 26
Kubot Lukasz 24 vs Rios Marcelo 30
Kubot Lukasz 24 vs Massu Nicolas 19
Fibak Wojtek 23 vs Gonzalez Fernando 26
Fibak Wojtek 23 vs Rios Marcelo 30
Fibak Wojtek 23 vs Massu Nicolas 19
Tloczynski Ignacy 34 vs Gonzalez Fernando 26
Tloczynski Ignacy 34 vs Rios Marcelo 30
Tloczynski Ignacy 34 vs Massu Nicolas 19

Japonia 0 ----- Argentina 0
Taro Daniel 25 vs Coria Guillermo 22
Taro Daniel 25 vs Acasuso Jose 29
Taro Daniel 25 vs Mayer Leonardo 27
Nishikori Kei 30 vs Coria Guillermo 22
Nishikori Kei 30 vs Acasuso Jose 29
Nishikori Kei 30 vs Mayer Leonardo 27
Tatsuma Ito 22 vs Coria Guillermo 22
Tatsuma Ito 22 vs Acasuso Jose 29
Tatsuma Ito 22 vs Mayer Leonardo 27

Belgia 0 ----- Serbia 0
Malisse Xavier 23 vs Dokovic Novak 31
Malisse Xavier 23 vs Zimonjic Nenad 29
Malisse Xavier 23 vs Troicki Victor 23
Bemelmans Ruben 20 vs Dokovic Novak 31
Bemelmans Ruben 20 vs Zimonjic Nenad 29
Bemelmans Ruben 20 vs Troicki Victor 23
Darcis Steve 27 vs Dokovic Novak 31
Darcis Steve 27 vs Zimonjic Nenad 29
Darcis Steve 27 vs Troicki Victor 23

Brazilia 0 ----- Australia 0
Kuerten Gustavo 24 vs Perry Todd 21
Kuerten Gustavo 24 vs Rafter Patrick 26
Kuerten Gustavo 24 vs Hanley Paul 21
Melo Marcelo 19 vs Perry Todd 21
Melo Marcelo 19 vs Rafter Patrick 26
Melo Marcelo 19 vs Hanley Paul 21
Bellucci Thomaz 25 vs Perry Todd 21
Bellucci Thomaz 25 vs Rafter Patrick 26
Bellucci Thomaz 25 vs Hanley Paul 21

Suedia 0 ----- Croatia 0
Borg Bjorn 21 vs Ancic Mario 19
Borg Bjorn 21 vs Ljubicic Ivan 22
Borg Bjorn 21 vs Cilic Marin 22
Edberg Stefan 24 vs Ancic Mario 19
Edberg Stefan 24 vs Ljubicic Ivan 22
Edberg Stefan 24 vs Cilic Marin 22
Lindstedt Robert 18 vs Ancic Mario 19
Lindstedt Robert 18 vs Ljubicic Ivan 22
Lindstedt Robert 18 vs Cilic Marin 22

Rusia 0 ----- Germania 0
Andreev Igor 24 vs Haas Tommy 31
Andreev Igor 24 vs Kiefer Nicolas 26
Andreev Igor 24 vs Becker Boris 28
Davidenko Nikolai 30 vs Haas Tommy 31
Davidenko Nikolai 30 vs Kiefer Nicolas 26
Davidenko Nikolai 30 vs Becker Boris 28
Safin Marat 28 vs Haas Tommy 31
Safin Marat 28 vs Kiefer Nicolas 26
Safin Marat 28 vs Becker Boris 28

Estonia 0 ----- Romania 0
Zopp Jurgen 28 vs Hanescu Victor 31
Zopp Jurgen 28 vs Tecau Horia 33
Zopp Jurgen 28 vs Cruciat Adrian 23
Tamm Kristjan 31 vs Hanescu Victor 31
Tamm Kristjan 31 vs Tecau Horia 33
Tamm Kristjan 31 vs Cruciat Adrian 23
Ivanov Vladimir 21 vs Hanescu Victor 31
Ivanov Vladimir 21 vs Tecau Horia 33
Ivanov Vladimir 21 vs Cruciat Adrian 23

Letonia 0 ----- Georgia 0
Gulbis Ernests 28 vs Metreveli Aleksandre 28
Gulbis Ernests 28 vs Basilashvili Nikoloz 20
Gulbis Ernests 28 vs Tsidavze George 29
Lejnieks Karlis 30 vs Metreveli Aleksandre 28
Lejnieks Karlis 30 vs Basilashvili Nikoloz 20
Lejnieks Karlis 30 vs Tsidavze George 29
Pavlovs Deniss 25 vs Metreveli Aleksandre 28
Pavlovs Deniss 25 vs Basilashvili Nikoloz 20
Pavlovs Deniss 25 vs Tsidavze George 29

Spania 0 ----- Franta 0
Ferrer David 29 vs Serra Florent 21
Ferrer David 29 vs Monfils Gael 25
Ferrer David 29 vs Pouille Lucas 34
Nadal Rafael 36 vs Serra Florent 21
Nadal Rafael 36 vs Monfils Gael 25
Nadal Rafael 36 vs Pouille Lucas 34
Montanes Albert 22 vs Serra Florent 21
Montanes Albert 22 vs Monfils Gael 25
Montanes Albert 22 vs Pouille Lucas 34

China 0 ----- Elvetia 0
Xin Gao 25 vs Rosset Marc 23
Xin Gao 25 vs Federer Roger 38
Xin Gao 25 vs Chiudinelli Marco 28
Zhe Li 20 vs Rosset Marc 23
Zhe Li 20 vs Federer Roger 38
Zhe Li 20 vs Chiudinelli Marco 28
Ze Zhang 18 vs Rosset Marc 23
Ze Zhang 18 vs Federer Roger 38
Ze Zhang 18 vs Chiudinelli Marco 28

=== WINNER ===
Elvetia --- 24
Spania --- 18
Letonia --- 16
Romania --- 19
Germania --- 16
Croatia --- 15
Australia --- 15
Serbia --- 22
Japonia --- 13
Polonia --- 15
Uruguai --- 19
Danemarca --- 19
Turcia --- 13
Italia --- 16
India --- 21
Bulgaria --- 13

====== ETAPA 2 ======

Bulgaria 13 ----- India 21
Dimitrov Grigor 19 vs Paes Leander 23
Dimitrov Grigor 19 vs Bhambri Yuki 26
Dimitrov Grigor 19 vs Nagal Sumit 22
Kuzmanov Dimitar 30 vs Paes Leander 23
Kuzmanov Dimitar 30 vs Bhambri Yuki 26
Kuzmanov Dimitar 30 vs Nagal Sumit 22
Lazarov Alexander 27 vs Paes Leander 23
Lazarov Alexander 27 vs Bhambri Yuki 26
Lazarov Alexander 27 vs Nagal Sumit 22

Italia 16 ----- Turcia 13
Fognini Fabio 29 vs Ilhan Marsel 27
Fognini Fabio 29 vs Celikbilek Altug 20
Fognini Fabio 29 vs Ilkel Cem 28
Cecchinato Marco 25 vs Ilhan Marsel 27
Cecchinato Marco 25 vs Celikbilek Altug 20
Cecchinato Marco 25 vs Ilkel Cem 28
Berrettini Matteo 30 vs Ilhan Marsel 27
Berrettini Matteo 30 vs Celikbilek Altug 20
Berrettini Matteo 30 vs Ilkel Cem 28

Danemarca 19 ----- Uruguai 19
Nielsen Kurt 27 vs Cuevas Martin 19
Nielsen Kurt 27 vs Cuevas Pablo 27
Nielsen Kurt 27 vs Behar Ariel 25
Carlsen Kenneth 20 vs Cuevas Martin 19
Carlsen Kenneth 20 vs Cuevas Pablo 27
Carlsen Kenneth 20 vs Behar Ariel 25
Ulrich Lars 30 vs Cuevas Martin 19
Ulrich Lars 30 vs Cuevas Pablo 27
Ulrich Lars 30 vs Behar Ariel 25

Polonia 15 ----- Japonia 13
Kubot Lukasz 24 vs Taro Daniel 25
Kubot Lukasz 24 vs Nishikori Kei 30
Kubot Lukasz 24 vs Tatsuma Ito 22
Fibak Wojtek 23 vs Taro Daniel 25
Fibak Wojtek 23 vs Nishikori Kei 30
Fibak Wojtek 23 vs Tatsuma Ito 22
Tloczynski Ignacy 34 vs Taro Daniel 25
Tloczynski Ignacy 34 vs Nishikori Kei 30
Tloczynski Ignacy 34 vs Tatsuma Ito 22

Serbia 22 ----- Australia 15
Dokovic Novak 31 vs Perry Todd 21
Dokovic Novak 31 vs Rafter Patrick 26
Dokovic Novak 31 vs Hanley Paul 21
Zimonjic Nenad 29 vs Perry Todd 21
Zimonjic Nenad 29 vs Rafter Patrick 26
Zimonjic Nenad 29 vs Hanley Paul 21
Troicki Victor 23 vs Perry Todd 21
Troicki Victor 23 vs Rafter Patrick 26
Troicki Victor 23 vs Hanley Paul 21

Croatia 15 ----- Germania 16
Ancic Mario 19 vs Haas Tommy 31
Ancic Mario 19 vs Kiefer Nicolas 26
Ancic Mario 19 vs Becker Boris 28
Ljubicic Ivan 22 vs Haas Tommy 31
Ljubicic Ivan 22 vs Kiefer Nicolas 26
Ljubicic Ivan 22 vs Becker Boris 28
Cilic Marin 22 vs Haas Tommy 31
Cilic Marin 22 vs Kiefer Nicolas 26
Cilic Marin 22 vs Becker Boris 28

Romania 19 ----- Letonia 16
Hanescu Victor 31 vs Gulbis Ernests 28
Hanescu Victor 31 vs Lejnieks Karlis 30
Hanescu Victor 31 vs Pavlovs Deniss 25
Tecau Horia 33 vs Gulbis Ernests 28
Tecau Horia 33 vs Lejnieks Karlis 30
Tecau Horia 33 vs Pavlovs Deniss 25
Cruciat Adrian 23 vs Gulbis Ernests 28
Cruciat Adrian 23 vs Lejnieks Karlis 30
Cruciat Adrian 23 vs Pavlovs Deniss 25

Spania 18 ----- Elvetia 24
Ferrer David 29 vs Rosset Marc 23
Ferrer David 29 vs Federer Roger 38
Ferrer David 29 vs Chiudinelli Marco 28
Nadal Rafael 36 vs Rosset Marc 23
Nadal Rafael 36 vs Federer Roger 38
Nadal Rafael 36 vs Chiudinelli Marco 28
Montanes Albert 22 vs Rosset Marc 23
Montanes Albert 22 vs Federer Roger 38
Montanes Albert 22 vs Chiudinelli Marco 28

=== WINNER ===
Elvetia --- 39
Romania --- 37
Germania --- 43
Serbia --- 46
Polonia --- 30
Danemarca --- 38
Italia --- 37
Bulgaria --- 31

====== ETAPA 3 ======

Bulgaria 31 ----- Italia 37
Dimitrov Grigor 19 vs Fognini Fabio 29
Dimitrov Grigor 19 vs Cecchinato Marco 25
Dimitrov Grigor 19 vs Berrettini Matteo 30
Kuzmanov Dimitar 30 vs Fognini Fabio 29
Kuzmanov Dimitar 30 vs Cecchinato Marco 25
Kuzmanov Dimitar 30 vs Berrettini Matteo 30
Lazarov Alexander 27 vs Fognini Fabio 29
Lazarov Alexander 27 vs Cecchinato Marco 25
Lazarov Alexander 27 vs Berrettini Matteo 30

Danemarca 38 ----- Polonia 30
Nielsen Kurt 27 vs Kubot Lukasz 24
Nielsen Kurt 27 vs Fibak Wojtek 23
Nielsen Kurt 27 vs Tloczynski Ignacy 34
Carlsen Kenneth 20 vs Kubot Lukasz 24
Carlsen Kenneth 20 vs Fibak Wojtek 23
Carlsen Kenneth 20 vs Tloczynski Ignacy 34
Ulrich Lars 30 vs Kubot Lukasz 24
Ulrich Lars 30 vs Fibak Wojtek 23
Ulrich Lars 30 vs Tloczynski Ignacy 34

Serbia 46 ----- Germania 43
Dokovic Novak 31 vs Haas Tommy 31
Dokovic Novak 31 vs Kiefer Nicolas 26
Dokovic Novak 31 vs Becker Boris 28
Zimonjic Nenad 29 vs Haas Tommy 31
Zimonjic Nenad 29 vs Kiefer Nicolas 26
Zimonjic Nenad 29 vs Becker Boris 28
Troicki Victor 23 vs Haas Tommy 31
Troicki Victor 23 vs Kiefer Nicolas 26
Troicki Victor 23 vs Becker Boris 28

Romania 37 ----- Elvetia 39
Hanescu Victor 31 vs Rosset Marc 23
Hanescu Victor 31 vs Federer Roger 38
Hanescu Victor 31 vs Chiudinelli Marco 28
Tecau Horia 33 vs Rosset Marc 23
Tecau Horia 33 vs Federer Roger 38
Tecau Horia 33 vs Chiudinelli Marco 28
Cruciat Adrian 23 vs Rosset Marc 23
Cruciat Adrian 23 vs Federer Roger 38
Cruciat Adrian 23 vs Chiudinelli Marco 28

=== WINNER ===
Elvetia --- 52
Serbia --- 59
Polonia --- 45
Italia --- 53

====== ETAPA 4 ======

Italia 53 ----- Polonia 45
Fognini Fabio 29 vs Kubot Lukasz 24
Fognini Fabio 29 vs Fibak Wojtek 23
Fognini Fabio 29 vs Tloczynski Ignacy 34
Cecchinato Marco 25 vs Kubot Lukasz 24
Cecchinato Marco 25 vs Fibak Wojtek 23
Cecchinato Marco 25 vs Tloczynski Ignacy 34
Berrettini Matteo 30 vs Kubot Lukasz 24
Berrettini Matteo 30 vs Fibak Wojtek 23
Berrettini Matteo 30 vs Tloczynski Ignacy 34

Serbia 59 ----- Elvetia 52
Dokovic Novak 31 vs Rosset Marc 23
Dokovic Novak 31 vs Federer Roger 38
Dokovic Novak 31 vs Chiudinelli Marco 28
Zimonjic Nenad 29 vs Rosset Marc 23
Zimonjic Nenad 29 vs Federer Roger 38
Zimonjic Nenad 29 vs Chiudinelli Marco 28
Troicki Victor 23 vs Rosset Marc 23
Troicki Victor 23 vs Federer Roger 38
Troicki Victor 23 vs Chiudinelli Marco 28

=== WINNER ===
Elvetia --- 65
Italia --- 71

====== ETAPA 5 ======

Italia 71 ----- Elvetia 65
Fognini Fabio 29 vs Rosset Marc 23
Fognini Fabio 29 vs Federer Roger 38
Fognini Fabio 29 vs Chiudinelli Marco 28
Cecchinato Marco 25 vs Rosset Marc 23
Cecchinato Marco 25 vs Federer Roger 38
Cecchinato Marco 25 vs Chiudinelli Marco 28
Berrettini Matteo 30 vs Rosset Marc 23
Berrettini Matteo 30 vs Federer Roger 38
Berrettini Matteo 30 vs Chiudinelli Marco 28

=== WINNER ===
Italia --- 86

====== CLASAMENT JUCATORI ======
Federer Roger 38
Tloczynski Ignacy 34
Dokovic Novak 31
Berrettini Matteo 30
Fognini Fabio 29
Chiudinelli Marco 28
Cecchinato Marco 25
Kubot Lukasz 24
Fibak Wojtek 23

Cecchinato Marco nu poate fi identificat!
