Spania
Georgia
Letonia
Romania
Estonia
Germania
Lituania
Serbia
Franta
Rusia
Belgia
Argentina
Japonia
Chile
Polonia
Uruguai

====== ETAPA 1 ======

Uruguai 0 ----- Polonia 0
Cuevas Martin 17 vs Kubot Lukasz 24
Cuevas Martin 17 vs Fibak Wojtek 23
Cuevas Martin 17 vs Tloczynski Ignacy 34
Cuevas Pablo 29 vs Kubot Lukasz 24
Cuevas Pablo 29 vs Fibak Wojtek 23
Cuevas Pablo 29 vs Tloczynski Ignacy 34
Behar Ariel 25 vs Kubot Lukasz 24
Behar Ariel 25 vs Fibak Wojtek 23
Behar Ariel 25 vs Tloczynski Ignacy 34

Chile 0 ----- Japonia 0
Gonzalez Fernando 21 vs Taro Daniel 25
Gonzalez Fernando 21 vs Nishikori Kei 31
Gonzalez Fernando 21 vs Tatsuma Ito 23
Rios Marcelo 32 vs Taro Daniel 25
Rios Marcelo 32 vs Nishikori Kei 31
Rios Marcelo 32 vs Tatsuma Ito 23
Massu Nicolas 19 vs Taro Daniel 25
Massu Nicolas 19 vs Nishikori Kei 31
Massu Nicolas 19 vs Tatsuma Ito 23

Argentina 0 ----- Belgia 0
Coria Guillermo 22 vs Malisse Xavier 22
Coria Guillermo 22 vs Bemelmans Ruben 20
Coria Guillermo 22 vs Darcis Steve 29
Acasuso Jose 29 vs Malisse Xavier 22
Acasuso Jose 29 vs Bemelmans Ruben 20
Acasuso Jose 29 vs Darcis Steve 29
Mayer Leonardo 21 vs Malisse Xavier 22
Mayer Leonardo 21 vs Bemelmans Ruben 20
Mayer Leonardo 21 vs Darcis Steve 29

Rusia 0 ----- Franta 0
Andreev Igor 24 vs Serra Florent 21
Andreev Igor 24 vs Monfils Gael 25
Andreev Igor 24 vs Pouille Lucas 34
Davidenko Nikolai 30 vs Serra Florent 21
Davidenko Nikolai 30 vs Monfils Gael 25
Davidenko Nikolai 30 vs Pouille Lucas 34
Safin Marat 28 vs Serra Florent 21
Safin Marat 28 vs Monfils Gael 25
Safin Marat 28 vs Pouille Lucas 34

Serbia 0 ----- Lituania 0
Dokovic Novak 31 vs Berankis Ricardas 19
Dokovic Novak 31 vs Babelis Tadas 24
Dokovic Novak 31 vs Julius Tverijonas 28
Zimonjic Nenad 29 vs Berankis Ricardas 19
Zimonjic Nenad 29 vs Babelis Tadas 24
Zimonjic Nenad 29 vs Julius Tverijonas 28
Troicki Victor 23 vs Berankis Ricardas 19
Troicki Victor 23 vs Babelis Tadas 24
Troicki Victor 23 vs Julius Tverijonas 28

Germania 0 ----- Estonia 0
Haas Tommy 31 vs Zopp Jurgen 28
Haas Tommy 31 vs Tamm Kristjan 30
Haas Tommy 31 vs Ivanov Vladimir 20
Kiefer Nicolas 29 vs Zopp Jurgen 28
Kiefer Nicolas 29 vs Tamm Kristjan 30
Kiefer Nicolas 29 vs Ivanov Vladimir 20
Becker Boris 21 vs Zopp Jurgen 28
Becker Boris 21 vs Tamm Kristjan 30
Becker Boris 21 vs Ivanov Vladimir 20

Romania 0 ----- Letonia 0
Hanescu Victor 32 vs Gulbis Ernests 28
Hanescu Victor 32 vs Lejnieks Karlis 19
Hanescu Victor 32 vs Pavlovs Deniss 32
Tecau Horia 31 vs Gulbis Ernests 28
Tecau Horia 31 vs Lejnieks Karlis 19
Tecau Horia 31 vs Pavlovs Deniss 32
Cruciat Adrian 29 vs Gulbis Ernests 28
Cruciat Adrian 29 vs Lejnieks Karlis 19
Cruciat Adrian 29 vs Pavlovs Deniss 32

Georgia 0 ----- Spania 0
Metreveli Aleksandre 28 vs Ferrer David 24
Metreveli Aleksandre 28 vs Nadal Rafael 39
Metreveli Aleksandre 28 vs Montanes Albert 21
Basilashvili Nikoloz 20 vs Ferrer David 24
Basilashvili Nikoloz 20 vs Nadal Rafael 39
Basilashvili Nikoloz 20 vs Montanes Albert 21
Tsidavze George 29 vs Ferrer David 24
Tsidavze George 29 vs Nadal Rafael 39
Tsidavze George 29 vs Montanes Albert 21

=== WINNER ===
Spania --- 15
Romania --- 19
Germania --- 18
Serbia --- 21
Rusia --- 15
Argentina --- 14
Japonia --- 18
Polonia --- 15

====== ETAPA 2 ======

Polonia 15 ----- Japonia 18
Kubot Lukasz 24 vs Taro Daniel 25
Kubot Lukasz 24 vs Nishikori Kei 31
Kubot Lukasz 24 vs Tatsuma Ito 23
Fibak Wojtek 23 vs Taro Daniel 25
Fibak Wojtek 23 vs Nishikori Kei 31
Fibak Wojtek 23 vs Tatsuma Ito 23
Tloczynski Ignacy 34 vs Taro Daniel 25
Tloczynski Ignacy 34 vs Nishikori Kei 31
Tloczynski Ignacy 34 vs Tatsuma Ito 23

Argentina 14 ----- Rusia 15
Coria Guillermo 22 vs Andreev Igor 24
Coria Guillermo 22 vs Davidenko Nikolai 30
Coria Guillermo 22 vs Safin Marat 28
Acasuso Jose 29 vs Andreev Igor 24
Acasuso Jose 29 vs Davidenko Nikolai 30
Acasuso Jose 29 vs Safin Marat 28
Mayer Leonardo 21 vs Andreev Igor 24
Mayer Leonardo 21 vs Davidenko Nikolai 30
Mayer Leonardo 21 vs Safin Marat 28

Serbia 21 ----- Germania 18
Dokovic Novak 31 vs Haas Tommy 31
Dokovic Novak 31 vs Kiefer Nicolas 29
Dokovic Novak 31 vs Becker Boris 21
Zimonjic Nenad 29 vs Haas Tommy 31
Zimonjic Nenad 29 vs Kiefer Nicolas 29
Zimonjic Nenad 29 vs Becker Boris 21
Troicki Victor 23 vs Haas Tommy 31
Troicki Victor 23 vs Kiefer Nicolas 29
Troicki Victor 23 vs Becker Boris 21

Romania 19 ----- Spania 15
Hanescu Victor 32 vs Ferrer David 24
Hanescu Victor 32 vs Nadal Rafael 39
Hanescu Victor 32 vs Montanes Albert 21
Tecau Horia 31 vs Ferrer David 24
Tecau Horia 31 vs Nadal Rafael 39
Tecau Horia 31 vs Montanes Albert 21
Cruciat Adrian 29 vs Ferrer David 24
Cruciat Adrian 29 vs Nadal Rafael 39
Cruciat Adrian 29 vs Montanes Albert 21

=== WINNER ===
Romania --- 37
Serbia --- 35
Rusia --- 36
Polonia --- 28

====== ETAPA 3 ======

Polonia 28 ----- Rusia 36
Kubot Lukasz 24 vs Andreev Igor 24
Kubot Lukasz 24 vs Davidenko Nikolai 30
Kubot Lukasz 24 vs Safin Marat 28
Fibak Wojtek 23 vs Andreev Igor 24
Fibak Wojtek 23 vs Davidenko Nikolai 30
Fibak Wojtek 23 vs Safin Marat 28
Tloczynski Ignacy 34 vs Andreev Igor 24
Tloczynski Ignacy 34 vs Davidenko Nikolai 30
Tloczynski Ignacy 34 vs Safin Marat 28

Serbia 35 ----- Romania 37
Dokovic Novak 31 vs Hanescu Victor 32
Dokovic Novak 31 vs Tecau Horia 31
Dokovic Novak 31 vs Cruciat Adrian 29
Zimonjic Nenad 29 vs Hanescu Victor 32
Zimonjic Nenad 29 vs Tecau Horia 31
Zimonjic Nenad 29 vs Cruciat Adrian 29
Troicki Victor 23 vs Hanescu Victor 32
Troicki Victor 23 vs Tecau Horia 31
Troicki Victor 23 vs Cruciat Adrian 29

=== WINNER ===
Romania --- 57
Rusia --- 52

====== ETAPA 4 ======

Rusia 52 ----- Romania 57
Andreev Igor 24 vs Hanescu Victor 32
Andreev Igor 24 vs Tecau Horia 31
Andreev Igor 24 vs Cruciat Adrian 29
Davidenko Nikolai 30 vs Hanescu Victor 32
Davidenko Nikolai 30 vs Tecau Horia 31
Davidenko Nikolai 30 vs Cruciat Adrian 29
Safin Marat 28 vs Hanescu Victor 32
Safin Marat 28 vs Tecau Horia 31
Safin Marat 28 vs Cruciat Adrian 29

=== WINNER ===
Romania --- 81

====== CLASAMENT JUCATORI ======
Tloczynski Ignacy 34
Hanescu Victor 32
Dokovic Novak 31
Davidenko Nikolai 30
Cruciat Adrian 29
Safin Marat 28
Andreev Igor 24
Fibak Wojtek 23

Davidenko Nikolai nu poate fi identificat!
