Elvetia
Franta
Spania
Georgia
Letonia
Romania
Estonia
Germania
Rusia
Serbia
Belgia
Argentina
Japonia
Chile
Polonia
Uruguai

====== ETAPA 1 ======

Uruguai 0 ----- Polonia 0
Cuevas Martin 19 vs Kubot Lukasz 24
Cuevas Martin 19 vs Fibak Wojtek 23
Cuevas Martin 19 vs Tloczynski Ignacy 34
Cuevas Pablo 27 vs Kubot Lukasz 24
Cuevas Pablo 27 vs Fibak Wojtek 23
Cuevas Pablo 27 vs Tloczynski Ignacy 34
Behar Ariel 25 vs Kubot Lukasz 24
Behar Ariel 25 vs Fibak Wojtek 23
Behar Ariel 25 vs Tloczynski Ignacy 34

Chile 0 ----- Japonia 0
Gonzalez Fernando 26 vs Taro Daniel 25
Gonzalez Fernando 26 vs Nishikori Kei 30
Gonzalez Fernando 26 vs Tatsuma Ito 22
Rios Marcelo 30 vs Taro Daniel 25
Rios Marcelo 30 vs Nishikori Kei 30
Rios Marcelo 30 vs Tatsuma Ito 22
Massu Nicolas 19 vs Taro Daniel 25
Massu Nicolas 19 vs Nishikori Kei 30
Massu Nicolas 19 vs Tatsuma Ito 22

Argentina 0 ----- Belgia 0
Coria Guillermo 22 vs Malisse Xavier 23
Coria Guillermo 22 vs Bemelmans Ruben 20
Coria Guillermo 22 vs Darcis Steve 27
Acasuso Jose 29 vs Malisse Xavier 23
Acasuso Jose 29 vs Bemelmans Ruben 20
Acasuso Jose 29 vs Darcis Steve 27
Mayer Leonardo 27 vs Malisse Xavier 23
Mayer Leonardo 27 vs Bemelmans Ruben 20
Mayer Leonardo 27 vs Darcis Steve 27

Serbia 0 ----- Rusia 0
Dokovic Novak 31 vs Andreev Igor 24
Dokovic Novak 31 vs Davidenko Nikolai 30
Dokovic Novak 31 vs Safin Marat 28
Zimonjic Nenad 29 vs Andreev Igor 24
Zimonjic Nenad 29 vs Davidenko Nikolai 30
Zimonjic Nenad 29 vs Safin Marat 28
Troicki Victor 23 vs Andreev Igor 24
Troicki Victor 23 vs Davidenko Nikolai 30
Troicki Victor 23 vs Safin Marat 28

Germania 0 ----- Estonia 0
Haas Tommy 31 vs Zopp Jurgen 28
Haas Tommy 31 vs Tamm Kristjan 31
Haas Tommy 31 vs Ivanov Vladimir 21
Kiefer Nicolas 26 vs Zopp Jurgen 28
Kiefer Nicolas 26 vs Tamm Kristjan 31
Kiefer Nicolas 26 vs Ivanov Vladimir 21
Becker Boris 28 vs Zopp Jurgen 28
Becker Boris 28 vs Tamm Kristjan 31
Becker Boris 28 vs Ivanov Vladimir 21

Romania 0 ----- Letonia 0
Hanescu Victor 31 vs Gulbis Ernests 28
Hanescu Victor 31 vs Lejnieks Karlis 30
Hanescu Victor 31 vs Pavlovs Deniss 25
Tecau Horia 33 vs Gulbis Ernests 28
Tecau Horia 33 vs Lejnieks Karlis 30
Tecau Horia 33 vs Pavlovs Deniss 25
Cruciat Adrian 23 vs Gulbis Ernests 28
Cruciat Adrian 23 vs Lejnieks Karlis 30
Cruciat Adrian 23 vs Pavlovs Deniss 25

Georgia 0 ----- Spania 0
Metreveli Aleksandre 28 vs Ferrer David 29
Metreveli Aleksandre 28 vs Nadal Rafael 36
Metreveli Aleksandre 28 vs Montanes Albert 22
Basilashvili Nikoloz 20 vs Ferrer David 29
Basilashvili Nikoloz 20 vs Nadal Rafael 36
Basilashvili Nikoloz 20 vs Montanes Albert 22
Tsidavze George 29 vs Ferrer David 29
Tsidavze George 29 vs Nadal Rafael 36
Tsidavze George 29 vs Montanes Albert 22

Franta 0 ----- Elvetia 0
Serra Florent 21 vs Rosset Marc 23
Serra Florent 21 vs Federer Roger 38
Serra Florent 21 vs Chiudinelli Marco 28
Monfils Gael 25 vs Rosset Marc 23
Monfils Gael 25 vs Federer Roger 38
Monfils Gael 25 vs Chiudinelli Marco 28
Pouille Lucas 34 vs Rosset Marc 23
Pouille Lucas 34 vs Federer Roger 38
Pouille Lucas 34 vs Chiudinelli Marco 28

=== WINNER ===
Elvetia --- 18
Spania --- 19
Romania --- 18
Germania --- 14
Serbia --- 15
Argentina --- 19
Chile --- 13
Polonia --- 15

====== ETAPA 2 ======

Polonia 15 ----- Chile 13
Kubot Lukasz 24 vs Gonzalez Fernando 26
Kubot Lukasz 24 vs Rios Marcelo 30
Kubot Lukasz 24 vs Massu Nicolas 19
Fibak Wojtek 23 vs Gonzalez Fernando 26
Fibak Wojtek 23 vs Rios Marcelo 30
Fibak Wojtek 23 vs Massu Nicolas 19
Tloczynski Ignacy 34 vs Gonzalez Fernando 26
Tloczynski Ignacy 34 vs Rios Marcelo 30
Tloczynski Ignacy 34 vs Massu Nicolas 19

Argentina 19 ----- Serbia 15
Coria Guillermo 22 vs Dokovic Novak 31
Coria Guillermo 22 vs Zimonjic Nenad 29
Coria Guillermo 22 vs Troicki Victor 23
Acasuso Jose 29 vs Dokovic Novak 31
Acasuso Jose 29 vs Zimonjic Nenad 29
Acasuso Jose 29 vs Troicki Victor 23
Mayer Leonardo 27 vs Dokovic Novak 31
Mayer Leonardo 27 vs Zimonjic Nenad 29
Mayer Leonardo 27 vs Troicki Victor 23

Germania 14 ----- Romania 18
Haas Tommy 31 vs Hanescu Victor 31
Haas Tommy 31 vs Tecau Horia 33
Haas Tommy 31 vs Cruciat Adrian 23
Kiefer Nicolas 26 vs Hanescu Victor 31
Kiefer Nicolas 26 vs Tecau Horia 33
Kiefer Nicolas 26 vs Cruciat Adrian 23
Becker Boris 28 vs Hanescu Victor 31
Becker Boris 28 vs Tecau Horia 33
Becker Boris 28 vs Cruciat Adrian 23

Spania 19 ----- Elvetia 18
Ferrer David 29 vs Rosset Marc 23
Ferrer David 29 vs Federer Roger 38
Ferrer David 29 vs Chiudinelli Marco 28
Nadal Rafael 36 vs Rosset Marc 23
Nadal Rafael 36 vs Federer Roger 38
Nadal Rafael 36 vs Chiudinelli Marco 28
Montanes Albert 22 vs Rosset Marc 23
Montanes Albert 22 vs Federer Roger 38
Montanes Albert 22 vs Chiudinelli Marco 28

=== WINNER ===
Elvetia --- 33
Romania --- 34
Serbia --- 34
Polonia --- 30

====== ETAPA 3 ======

Polonia 30 ----- Serbia 34
Kubot Lukasz 24 vs Dokovic Novak 31
Kubot Lukasz 24 vs Zimonjic Nenad 29
Kubot Lukasz 24 vs Troicki Victor 23
Fibak Wojtek 23 vs Dokovic Novak 31
Fibak Wojtek 23 vs Zimonjic Nenad 29
Fibak Wojtek 23 vs Troicki Victor 23
Tloczynski Ignacy 34 vs Dokovic Novak 31
Tloczynski Ignacy 34 vs Zimonjic Nenad 29
Tloczynski Ignacy 34 vs Troicki Victor 23

Romania 34 ----- Elvetia 33
Hanescu Victor 31 vs Rosset Marc 23
Hanescu Victor 31 vs Federer Roger 38
Hanescu Victor 31 vs Chiudinelli Marco 28
Tecau Horia 33 vs Rosset Marc 23
Tecau Horia 33 vs Federer Roger 38
Tecau Horia 33 vs Chiudinelli Marco 28
Cruciat Adrian 23 vs Rosset Marc 23
Cruciat Adrian 23 vs Federer Roger 38
Cruciat Adrian 23 vs Chiudinelli Marco 28

=== WINNER ===
Elvetia --- 46
Polonia --- 43

====== ETAPA 4 ======

Polonia 43 ----- Elvetia 46
Kubot Lukasz 24 vs Rosset Marc 23
Kubot Lukasz 24 vs Federer Roger 38
Kubot Lukasz 24 vs Chiudinelli Marco 28
Fibak Wojtek 23 vs Rosset Marc 23
Fibak Wojtek 23 vs Federer Roger 38
Fibak Wojtek 23 vs Chiudinelli Marco 28
Tloczynski Ignacy 34 vs Rosset Marc 23
Tloczynski Ignacy 34 vs Federer Roger 38
Tloczynski Ignacy 34 vs Chiudinelli Marco 28

=== WINNER ===
Elvetia --- 62

====== CLASAMENT JUCATORI ======
Federer Roger 38
Tloczynski Ignacy 34
Tecau Horia 33
Dokovic Novak 31
Zimonjic Nenad 29
Chiudinelli Marco 28
Kubot Lukasz 24
Cruciat Adrian 23
