Australia
Brazilia
Serbia
Argentina
Japonia
Chile
Polonia
Canada

====== ETAPA 1 ======

Canada 0 ----- Polonia 0
Pospisil Vasek 23 vs Kubot Lukasz 24
Pospisil Vasek 23 vs Fibak Wojtek 23
Pospisil Vasek 23 vs Tloczynski Ignacy 34
Pospisil Vasek 23 vs Hurkacz Hubert 28
Pospisil Vasek 23 vs Fyrstenberg Mariusz 22
Raonic Milos 22 vs Kubot Lukasz 24
Raonic Milos 22 vs Fibak Wojtek 23
Raonic Milos 22 vs Tloczynski Ignacy 34
Raonic Milos 22 vs Hurkacz Hubert 28
Raonic Milos 22 vs Fyrstenberg Mariusz 22
Nestor Daniel 17 vs Kubot Lukasz 24
Nestor Daniel 17 vs Fibak Wojtek 23
Nestor Daniel 17 vs Tloczynski Ignacy 34
Nestor Daniel 17 vs Hurkacz Hubert 28
Nestor Daniel 17 vs Fyrstenberg Mariusz 22
Shapovalov Denis 27 vs Kubot Lukasz 24
Shapovalov Denis 27 vs Fibak Wojtek 23
Shapovalov Denis 27 vs Tloczynski Ignacy 34
Shapovalov Denis 27 vs Hurkacz Hubert 28
Shapovalov Denis 27 vs Fyrstenberg Mariusz 22
Schnur Brayden 29 vs Kubot Lukasz 24
Schnur Brayden 29 vs Fibak Wojtek 23
Schnur Brayden 29 vs Tloczynski Ignacy 34
Schnur Brayden 29 vs Hurkacz Hubert 28
Schnur Brayden 29 vs Fyrstenberg Mariusz 22

Chile 0 ----- Japonia 0
Gonzalez Fernando 26 vs Taro Daniel 25
Gonzalez Fernando 26 vs Nishikori Kei 30
Gonzalez Fernando 26 vs Tatsuma Ito 22
Gonzalez Fernando 26 vs Sugita Yuichi 27
Gonzalez Fernando 26 vs Nishioka Yoshihito 24
Rios Marcelo 30 vs Taro Daniel 25
Rios Marcelo 30 vs Nishikori Kei 30
Rios Marcelo 30 vs Tatsuma Ito 22
Rios Marcelo 30 vs Sugita Yuichi 27
Rios Marcelo 30 vs Nishioka Yoshihito 24
Massu Nicolas 19 vs Taro Daniel 25
Massu Nicolas 19 vs Nishikori Kei 30
Massu Nicolas 19 vs Tatsuma Ito 22
Massu Nicolas 19 vs Sugita Yuichi 27
Massu Nicolas 19 vs Nishioka Yoshihito 24
Jarry Nicolas 29 vs Taro Daniel 25
Jarry Nicolas 29 vs Nishikori Kei 30
Jarry Nicolas 29 vs Tatsuma Ito 22
Jarry Nicolas 29 vs Sugita Yuichi 27
Jarry Nicolas 29 vs Nishioka Yoshihito 24
Garin Christian 23 vs Taro Daniel 25
Garin Christian 23 vs Nishikori Kei 30
Garin Christian 23 vs Tatsuma Ito 22
Garin Christian 23 vs Sugita Yuichi 27
Garin Christian 23 vs Nishioka Yoshihito 24

Argentina 0 ----- Serbia 0
Coria Guillermo 22 vs Dokovic Novak 35
Coria Guillermo 22 vs Zimonjic Nenad 29
Coria Guillermo 22 vs Troicki Victor 23
Coria Guillermo 22 vs Tipsarevic Janko 21
Coria Guillermo 22 vs Lajovic Dusan 22
Acasuso Jose 29 vs Dokovic Novak 35
Acasuso Jose 29 vs Zimonjic Nenad 29
Acasuso Jose 29 vs Troicki Victor 23
Acasuso Jose 29 vs Tipsarevic Janko 21
Acasuso Jose 29 vs Lajovic Dusan 22
Mayer Leonardo 27 vs Dokovic Novak 35
Mayer Leonardo 27 vs Zimonjic Nenad 29
Mayer Leonardo 27 vs Troicki Victor 23
Mayer Leonardo 27 vs Tipsarevic Janko 21
Mayer Leonardo 27 vs Lajovic Dusan 22
Nalbandian David 26 vs Dokovic Novak 35
Nalbandian David 26 vs Zimonjic Nenad 29
Nalbandian David 26 vs Troicki Victor 23
Nalbandian David 26 vs Tipsarevic Janko 21
Nalbandian David 26 vs Lajovic Dusan 22
Gaudio Gaston 21 vs Dokovic Novak 35
Gaudio Gaston 21 vs Zimonjic Nenad 29
Gaudio Gaston 21 vs Troicki Victor 23
Gaudio Gaston 21 vs Tipsarevic Janko 21
Gaudio Gaston 21 vs Lajovic Dusan 22

Brazilia 0 ----- Australia 0
Kuerten Gustavo 24 vs Perry Todd 21
Kuerten Gustavo 24 vs Rafter Patrick 26
Kuerten Gustavo 24 vs Hanley Paul 21
Kuerten Gustavo 24 vs Kyrgios Nick 29
Kuerten Gustavo 24 vs Hewitt Lleyton 27
Melo Marcelo 19 vs Perry Todd 21
Melo Marcelo 19 vs Rafter Patrick 26
Melo Marcelo 19 vs Hanley Paul 21
Melo Marcelo 19 vs Kyrgios Nick 29
Melo Marcelo 19 vs Hewitt Lleyton 27
Bellucci Thomaz 25 vs Perry Todd 21
Bellucci Thomaz 25 vs Rafter Patrick 26
Bellucci Thomaz 25 vs Hanley Paul 21
Bellucci Thomaz 25 vs Kyrgios Nick 29
Bellucci Thomaz 25 vs Hewitt Lleyton 27
Sa Andre 27 vs Perry Todd 21
Sa Andre 27 vs Rafter Patrick 26
Sa Andre 27 vs Hanley Paul 21
Sa Andre 27 vs Kyrgios Nick 29
Sa Andre 27 vs Hewitt Lleyton 27
Soares Bruno 21 vs Perry Todd 21
Soares Bruno 21 vs Rafter Patrick 26
Soares Bruno 21 vs Hanley Paul 21
Soares Bruno 21 vs Kyrgios Nick 29
Soares Bruno 21 vs Hewitt Lleyton 27

=== WINNER ===
Australia --- 48
Serbia --- 39
Chile --- 37
Polonia --- 47

====== ETAPA 2 ======

Polonia 47 ----- Chile 37
Kubot Lukasz 24 vs Gonzalez Fernando 26
Kubot Lukasz 24 vs Rios Marcelo 30
Kubot Lukasz 24 vs Massu Nicolas 19
Kubot Lukasz 24 vs Jarry Nicolas 29
Kubot Lukasz 24 vs Garin Christian 23
Fibak Wojtek 23 vs Gonzalez Fernando 26
Fibak Wojtek 23 vs Rios Marcelo 30
Fibak Wojtek 23 vs Massu Nicolas 19
Fibak Wojtek 23 vs Jarry Nicolas 29
Fibak Wojtek 23 vs Garin Christian 23
Tloczynski Ignacy 34 vs Gonzalez Fernando 26
Tloczynski Ignacy 34 vs Rios Marcelo 30
Tloczynski Ignacy 34 vs Massu Nicolas 19
Tloczynski Ignacy 34 vs Jarry Nicolas 29
Tloczynski Ignacy 34 vs Garin Christian 23
Hurkacz Hubert 28 vs Gonzalez Fernando 26
Hurkacz Hubert 28 vs Rios Marcelo 30
Hurkacz Hubert 28 vs Massu Nicolas 19
Hurkacz Hubert 28 vs Jarry Nicolas 29
Hurkacz Hubert 28 vs Garin Christian 23
Fyrstenberg Mariusz 22 vs Gonzalez Fernando 26
Fyrstenberg Mariusz 22 vs Rios Marcelo 30
Fyrstenberg Mariusz 22 vs Massu Nicolas 19
Fyrstenberg Mariusz 22 vs Jarry Nicolas 29
Fyrstenberg Mariusz 22 vs Garin Christian 23

Serbia 39 ----- Australia 48
Dokovic Novak 35 vs Perry Todd 21
Dokovic Novak 35 vs Rafter Patrick 26
Dokovic Novak 35 vs Hanley Paul 21
Dokovic Novak 35 vs Kyrgios Nick 29
Dokovic Novak 35 vs Hewitt Lleyton 27
Zimonjic Nenad 29 vs Perry Todd 21
Zimonjic Nenad 29 vs Rafter Patrick 26
Zimonjic Nenad 29 vs Hanley Paul 21
Zimonjic Nenad 29 vs Kyrgios Nick 29
Zimonjic Nenad 29 vs Hewitt Lleyton 27
Troicki Victor 23 vs Perry Todd 21
Troicki Victor 23 vs Rafter Patrick 26
Troicki Victor 23 vs Hanley Paul 21
Troicki Victor 23 vs Kyrgios Nick 29
Troicki Victor 23 vs Hewitt Lleyton 27
Tipsarevic Janko 21 vs Perry Todd 21
Tipsarevic Janko 21 vs Rafter Patrick 26
Tipsarevic Janko 21 vs Hanley Paul 21
Tipsarevic Janko 21 vs Kyrgios Nick 29
Tipsarevic Janko 21 vs Hewitt Lleyton 27
Lajovic Dusan 22 vs Perry Todd 21
Lajovic Dusan 22 vs Rafter Patrick 26
Lajovic Dusan 22 vs Hanley Paul 21
Lajovic Dusan 22 vs Kyrgios Nick 29
Lajovic Dusan 22 vs Hewitt Lleyton 27

=== WINNER ===
Serbia --- 81
Polonia --- 84

====== ETAPA 3 ======

Polonia 84 ----- Serbia 81
Kubot Lukasz 24 vs Dokovic Novak 35
Kubot Lukasz 24 vs Zimonjic Nenad 29
Kubot Lukasz 24 vs Troicki Victor 23
Kubot Lukasz 24 vs Tipsarevic Janko 21
Kubot Lukasz 24 vs Lajovic Dusan 22
Fibak Wojtek 23 vs Dokovic Novak 35
Fibak Wojtek 23 vs Zimonjic Nenad 29
Fibak Wojtek 23 vs Troicki Victor 23
Fibak Wojtek 23 vs Tipsarevic Janko 21
Fibak Wojtek 23 vs Lajovic Dusan 22
Tloczynski Ignacy 34 vs Dokovic Novak 35
Tloczynski Ignacy 34 vs Zimonjic Nenad 29
Tloczynski Ignacy 34 vs Troicki Victor 23
Tloczynski Ignacy 34 vs Tipsarevic Janko 21
Tloczynski Ignacy 34 vs Lajovic Dusan 22
Hurkacz Hubert 28 vs Dokovic Novak 35
Hurkacz Hubert 28 vs Zimonjic Nenad 29
Hurkacz Hubert 28 vs Troicki Victor 23
Hurkacz Hubert 28 vs Tipsarevic Janko 21
Hurkacz Hubert 28 vs Lajovic Dusan 22
Fyrstenberg Mariusz 22 vs Dokovic Novak 35
Fyrstenberg Mariusz 22 vs Zimonjic Nenad 29
Fyrstenberg Mariusz 22 vs Troicki Victor 23
Fyrstenberg Mariusz 22 vs Tipsarevic Janko 21
Fyrstenberg Mariusz 22 vs Lajovic Dusan 22

=== WINNER ===
Polonia --- 125

====== CLASAMENT JUCATORI ======
Dokovic Novak 35
Tloczynski Ignacy 34
Rios Marcelo 30
Jarry Nicolas 29
Hurkacz Hubert 28
Hewitt Lleyton 27
Gonzalez Fernando 26
Kubot Lukasz 24
Fibak Wojtek 23
Fyrstenberg Mariusz 22
Hanley Paul 21
Massu Nicolas 19
