Elvetia
China
Franta
Spania
Georgia
Letonia
Romania
Estonia
Rusia
Croatia
Belgia
Argentina
Japonia
Chile
Polonia
Uruguai

====== ETAPA 1 ======

Uruguai 0 ----- Polonia 0
Cuevas Martin 19 vs Kubot Lukasz 24
Cuevas Martin 19 vs Fibak Wojtek 23
Cuevas Martin 19 vs Tloczynski Ignacy 34
Cuevas Pablo 27 vs Kubot Lukasz 24
Cuevas Pablo 27 vs Fibak Wojtek 23
Cuevas Pablo 27 vs Tloczynski Ignacy 34
Behar Ariel 25 vs Kubot Lukasz 24
Behar Ariel 25 vs Fibak Wojtek 23
Behar Ariel 25 vs Tloczynski Ignacy 34

Chile 0 ----- Japonia 0
Gonzalez Fernando 26 vs Taro Daniel 25
Gonzalez Fernando 26 vs Nishikori Kei 30
Gonzalez Fernando 26 vs Tatsuma Ito 22
Rios Marcelo 30 vs Taro Daniel 25
Rios Marcelo 30 vs Nishikori Kei 30
Rios Marcelo 30 vs Tatsuma Ito 22
Massu Nicolas 19 vs Taro Daniel 25
Massu Nicolas 19 vs Nishikori Kei 30
Massu Nicolas 19 vs Tatsuma Ito 22

Argentina 0 ----- Belgia 0
Coria Guillermo 22 vs Malisse Xavier 23
Coria Guillermo 22 vs Bemelmans Ruben 20
Coria Guillermo 22 vs Darcis Steve 27
Acasuso Jose 29 vs Malisse Xavier 23
Acasuso Jose 29 vs Bemelmans Ruben 20
Acasuso Jose 29 vs Darcis Steve 27
Mayer Leonardo 27 vs Malisse Xavier 23
Mayer Leonardo 27 vs Bemelmans Ruben 20
Mayer Leonardo 27 vs Darcis Steve 27

Croatia 0 ----- Rusia 0
Ancic Mario 19 vs Andreev Igor 24
Ancic Mario 19 vs Davidenko Nikolai 30
Ancic Mario 19 vs Safin Marat 28
Ljubicic Ivan 22 vs Andreev Igor 24
Ljubicic Ivan 22 vs Davidenko Nikolai 30
Ljubicic Ivan 22 vs Safin Marat 28
Cilic Marin 22 vs Andreev Igor 24
Cilic Marin 22 vs Davidenko Nikolai 30
Cilic Marin 22 vs Safin Marat 28

Estonia 0 ----- Romania 0
Zopp Jurgen 28 vs Hanescu Victor 31
Zopp Jurgen 28 vs Tecau Horia 33
Zopp Jurgen 28 vs Cruciat Adrian 23
Tamm Kristjan 31 vs Hanescu Victor 31
Tamm Kristjan 31 vs Tecau Horia 33
Tamm Kristjan 31 vs Cruciat Adrian 23
Ivanov Vladimir 21 vs Hanescu Victor 31
Ivanov Vladimir 21 vs Tecau Horia 33
Ivanov Vladimir 21 vs Cruciat Adrian 23

Letonia 0 ----- Georgia 0
Gulbis Ernests 28 vs Metreveli Aleksandre 28
Gulbis Ernests 28 vs Basilashvili Nikoloz 20
Gulbis Ernests 28 vs Tsidavze George 29
Lejnieks Karlis 30 vs Metreveli Aleksandre 28
Lejnieks Karlis 30 vs Basilashvili Nikoloz 20
Lejnieks Karlis 30 vs Tsidavze George 29
Pavlovs Deniss 25 vs Metreveli Aleksandre 28
Pavlovs Deniss 25 vs Basilashvili Nikoloz 20
Pavlovs Deniss 25 vs Tsidavze George 29

Spania 0 ----- Franta 0
Ferrer David 29 vs Serra Florent 21
Ferrer David 29 vs Monfils Gael 25
Ferrer David 29 vs Pouille Lucas 34
Nadal Rafael 36 vs Serra Florent 21
Nadal Rafael 36 vs Monfils Gael 25
Nadal Rafael 36 vs Pouille Lucas 34
Montanes Albert 22 vs Serra Florent 21
Montanes Albert 22 vs Monfils Gael 25
Montanes Albert 22 vs Pouille Lucas 34

China 0 ----- Elvetia 0
Xin Gao 25 vs Rosset Marc 23
Xin Gao 25 vs Federer Roger 38
Xin Gao 25 vs Chiudinelli Marco 28
Zhe Li 20 vs Rosset Marc 23
Zhe Li 20 vs Federer Roger 38
Zhe Li 20 vs Chiudinelli Marco 28
Ze Zhang 18 vs Rosset Marc 23
Ze Zhang 18 vs Federer Roger 38
Ze Zhang 18 vs Chiudinelli Marco 28

=== WINNER ===
Elvetia --- 24
Spania --- 18
Letonia --- 16
Romania --- 19
Rusia --- 27
Argentina --- 19
Chile --- 13
Polonia --- 15

====== ETAPA 2 ======

Polonia 15 ----- Chile 13
Kubot Lukasz 24 vs Gonzalez Fernando 26
Kubot Lukasz 24 vs Rios Marcelo 30
Kubot Lukasz 24 vs Massu Nicolas 19
Fibak Wojtek 23 vs Gonzalez Fernando 26
Fibak Wojtek 23 vs Rios Marcelo 30
Fibak Wojtek 23 vs Massu Nicolas 19
Tloczynski Ignacy 34 vs Gonzalez Fernando 26
Tloczynski Ignacy 34 vs Rios Marcelo 30
Tloczynski Ignacy 34 vs Massu Nicolas 19

Argentina 19 ----- Rusia 27
Coria Guillermo 22 vs Andreev Igor 24
Coria Guillermo 22 vs Davidenko Nikolai 30
Coria Guillermo 22 vs Safin Marat 28
Acasuso Jose 29 vs Andreev Igor 24
Acasuso Jose 29 vs Davidenko Nikolai 30
Acasuso Jose 29 vs Safin Marat 28
Mayer Leonardo 27 vs Andreev Igor 24
Mayer Leonardo 27 vs Davidenko Nikolai 30
Mayer Leonardo 27 vs Safin Marat 28

Romania 19 ----- Letonia 16
Hanescu Victor 31 vs Gulbis Ernests 28
Hanescu Victor 31 vs Lejnieks Karlis 30
Hanescu Victor 31 vs Pavlovs Deniss 25
Tecau Horia 33 vs Gulbis Ernests 28
Tecau Horia 33 vs Lejnieks Karlis 30
Tecau Horia 33 vs Pavlovs Deniss 25
Cruciat Adrian 23 vs Gulbis Ernests 28
Cruciat Adrian 23 vs Lejnieks Karlis 30
Cruciat Adrian 23 vs Pavlovs Deniss 25

Spania 18 ----- Elvetia 24
Ferrer David 29 vs Rosset Marc 23
Ferrer David 29 vs Federer Roger 38
Ferrer David 29 vs Chiudinelli Marco 28
Nadal Rafael 36 vs Rosset Marc 23
Nadal Rafael 36 vs Federer Roger 38
Nadal Rafael 36 vs Chiudinelli Marco 28
Montanes Albert 22 vs Rosset Marc 23
Montanes Albert 22 vs Federer Roger 38
Montanes Albert 22 vs Chiudinelli Marco 28

=== WINNER ===
Elvetia --- 39
Romania --- 37
Rusia --- 45
Polonia --- 30

====== ETAPA 3 ======

Polonia 30 ----- Rusia 45
Kubot Lukasz 24 vs Andreev Igor 24
Kubot Lukasz 24 vs Davidenko Nikolai 30
Kubot Lukasz 24 vs Safin Marat 28
Fibak Wojtek 23 vs Andreev Igor 24
Fibak Wojtek 23 vs Davidenko Nikolai 30
Fibak Wojtek 23 vs Safin Marat 28
Tloczynski Ignacy 34 vs Andreev Igor 24
Tloczynski Ignacy 34 vs Davidenko Nikolai 30
Tloczynski Ignacy 34 vs Safin Marat 28

Romania 37 ----- Elvetia 39
Hanescu Victor 31 vs Rosset Marc 23
Hanescu Victor 31 vs Federer Roger 38
Hanescu Victor 31 vs Chiudinelli Marco 28
Tecau Horia 33 vs Rosset Marc 23
Tecau Horia 33 vs Federer Roger 38
Tecau Horia 33 vs Chiudinelli Marco 28
Cruciat Adrian 23 vs Rosset Marc 23
Cruciat Adrian 23 vs Federer Roger 38
Cruciat Adrian 23 vs Chiudinelli Marco 28

=== WINNER ===
Elvetia --- 52
Rusia --- 61

====== ETAPA 4 ======

Rusia 61 ----- Elvetia 52
Andreev Igor 24 vs Rosset Marc 23
Andreev Igor 24 vs Federer Roger 38
Andreev Igor 24 vs Chiudinelli Marco 28
Davidenko Nikolai 30 vs Rosset Marc 23
Davidenko Nikolai 30 vs Federer Roger 38
Davidenko Nikolai 30 vs Chiudinelli Marco 28
Safin Marat 28 vs Rosset Marc 23
Safin Marat 28 vs Federer Roger 38
Safin Marat 28 vs Chiudinelli Marco 28

=== WINNER ===
Elvetia --- 65

====== CLASAMENT JUCATORI ======
Federer Roger 38
Tloczynski Ignacy 34
Tecau Horia 33
Hanescu Victor 31
Davidenko Nikolai 30
Chiudinelli Marco 28
Andreev Igor 24
Cruciat Adrian 23

Rosset Marc nu poate fi identificat!
