Franta
Spania
Romania
Serbia
Belgia
Argentina
Polonia
Georgia

====== ETAPA 1 ======

Georgia 0 ----- Polonia 0
Metreveli Aleksandre 28 vs Kubot Lukasz 24
Metreveli Aleksandre 28 vs Fibak Wojtek 23
Metreveli Aleksandre 28 vs Tloczynski Ignacy 34
Basilashvili Nikoloz 20 vs Kubot Lukasz 24
Basilashvili Nikoloz 20 vs Fibak Wojtek 23
Basilashvili Nikoloz 20 vs Tloczynski Ignacy 34
Tsidavze George 29 vs Kubot Lukasz 24
Tsidavze George 29 vs Fibak Wojtek 23
Tsidavze George 29 vs Tloczynski Ignacy 34

Argentina 0 ----- Belgia 0
Coria Guillermo 26 vs Malisse Xavier 23
Coria Guillermo 26 vs Bemelmans Ruben 25
Coria Guillermo 26 vs Darcis Steve 27
Acasuso Jose 29 vs Malisse Xavier 23
Acasuso Jose 29 vs Bemelmans Ruben 25
Acasuso Jose 29 vs Darcis Steve 27
Mayer Leonardo 27 vs Malisse Xavier 23
Mayer Leonardo 27 vs Bemelmans Ruben 25
Mayer Leonardo 27 vs Darcis Steve 27

Serbia 0 ----- Romania 0
Dokovic Novak 31 vs Hanescu Victor 30
Dokovic Novak 31 vs Tecau Horia 35
Dokovic Novak 31 vs Cruciat Adrian 23
Zimonjic Nenad 24 vs Hanescu Victor 30
Zimonjic Nenad 24 vs Tecau Horia 35
Zimonjic Nenad 24 vs Cruciat Adrian 23
Troicki Victor 23 vs Hanescu Victor 30
Troicki Victor 23 vs Tecau Horia 35
Troicki Victor 23 vs Cruciat Adrian 23

Spania 0 ----- Franta 0
Ferrer David 29 vs Serra Florent 31
Ferrer David 29 vs Monfils Gael 25
Ferrer David 29 vs Pouille Lucas 27
Nadal Rafael 42 vs Serra Florent 31
Nadal Rafael 42 vs Monfils Gael 25
Nadal Rafael 42 vs Pouille Lucas 27
Montanes Albert 33 vs Serra Florent 31
Montanes Albert 33 vs Monfils Gael 25
Montanes Albert 33 vs Pouille Lucas 27

=== WINNER ===
Spania --- 24
Romania --- 16
Argentina --- 22
Polonia --- 15

====== ETAPA 2 ======

Polonia 15 ----- Argentina 22
Kubot Lukasz 24 vs Coria Guillermo 26
Kubot Lukasz 24 vs Acasuso Jose 29
Kubot Lukasz 24 vs Mayer Leonardo 27
Fibak Wojtek 23 vs Coria Guillermo 26
Fibak Wojtek 23 vs Acasuso Jose 29
Fibak Wojtek 23 vs Mayer Leonardo 27
Tloczynski Ignacy 34 vs Coria Guillermo 26
Tloczynski Ignacy 34 vs Acasuso Jose 29
Tloczynski Ignacy 34 vs Mayer Leonardo 27

Romania 16 ----- Spania 24
Hanescu Victor 30 vs Ferrer David 29
Hanescu Victor 30 vs Nadal Rafael 42
Hanescu Victor 30 vs Montanes Albert 33
Tecau Horia 35 vs Ferrer David 29
Tecau Horia 35 vs Nadal Rafael 42
Tecau Horia 35 vs Montanes Albert 33
Cruciat Adrian 23 vs Ferrer David 29
Cruciat Adrian 23 vs Nadal Rafael 42
Cruciat Adrian 23 vs Montanes Albert 33

=== WINNER ===
Spania --- 42
Argentina --- 40

====== ETAPA 3 ======

Argentina 40 ----- Spania 42
Coria Guillermo 26 vs Ferrer David 29
Coria Guillermo 26 vs Nadal Rafael 42
Coria Guillermo 26 vs Montanes Albert 33
Acasuso Jose 29 vs Ferrer David 29
Acasuso Jose 29 vs Nadal Rafael 42
Acasuso Jose 29 vs Montanes Albert 33
Mayer Leonardo 27 vs Ferrer David 29
Mayer Leonardo 27 vs Nadal Rafael 42
Mayer Leonardo 27 vs Montanes Albert 33

=== WINNER ===
Spania --- 67

====== CLASAMENT JUCATORI ======
Nadal Rafael 42
Tecau Horia 35
Tloczynski Ignacy 34
Montanes Albert 33
Hanescu Victor 30
Acasuso Jose 29
Mayer Leonardo 27
Coria Guillermo 26
Kubot Lukasz 24
Cruciat Adrian 23
