Rusia
Australia
Serbia
Belgia
Argentina
Chile
Polonia
Georgia

====== ETAPA 1 ======

Georgia 0 ----- Polonia 0
Metreveli Aleksandre 28 vs Kubot Lukasz 24
Metreveli Aleksandre 28 vs Fibak Wojtek 23
Metreveli Aleksandre 28 vs Tloczynski Ignacy 34
Basilashvili Nikoloz 20 vs Kubot Lukasz 24
Basilashvili Nikoloz 20 vs Fibak Wojtek 23
Basilashvili Nikoloz 20 vs Tloczynski Ignacy 34
Tsidavze George 29 vs Kubot Lukasz 24
Tsidavze George 29 vs Fibak Wojtek 23
Tsidavze George 29 vs Tloczynski Ignacy 34

Chile 0 ----- Argentina 0
Gonzalez Fernando 26 vs Coria Guillermo 26
Gonzalez Fernando 26 vs Acasuso Jose 29
Gonzalez Fernando 26 vs Mayer Leonardo 19
Rios Marcelo 30 vs Coria Guillermo 26
Rios Marcelo 30 vs Acasuso Jose 29
Rios Marcelo 30 vs Mayer Leonardo 19
Massu Nicolas 18 vs Coria Guillermo 26
Massu Nicolas 18 vs Acasuso Jose 29
Massu Nicolas 18 vs Mayer Leonardo 19

Belgia 0 ----- Serbia 0
Malisse Xavier 23 vs Dokovic Novak 31
Malisse Xavier 23 vs Zimonjic Nenad 24
Malisse Xavier 23 vs Troicki Victor 23
Bemelmans Ruben 25 vs Dokovic Novak 31
Bemelmans Ruben 25 vs Zimonjic Nenad 24
Bemelmans Ruben 25 vs Troicki Victor 23
Darcis Steve 27 vs Dokovic Novak 31
Darcis Steve 27 vs Zimonjic Nenad 24
Darcis Steve 27 vs Troicki Victor 23

Australia 0 ----- Rusia 0
Perry Todd 21 vs Andreev Igor 24
Perry Todd 21 vs Davidenko Nikolai 30
Perry Todd 21 vs Safin Marat 28
Rafter Patrick 32 vs Andreev Igor 24
Rafter Patrick 32 vs Davidenko Nikolai 30
Rafter Patrick 32 vs Safin Marat 28
Hanley Paul 23 vs Andreev Igor 24
Hanley Paul 23 vs Davidenko Nikolai 30
Hanley Paul 23 vs Safin Marat 28

=== WINNER ===
Rusia --- 18
Serbia --- 13
Chile --- 13
Polonia --- 15

====== ETAPA 2 ======

Polonia 15 ----- Chile 13
Kubot Lukasz 24 vs Gonzalez Fernando 26
Kubot Lukasz 24 vs Rios Marcelo 30
Kubot Lukasz 24 vs Massu Nicolas 18
Fibak Wojtek 23 vs Gonzalez Fernando 26
Fibak Wojtek 23 vs Rios Marcelo 30
Fibak Wojtek 23 vs Massu Nicolas 18
Tloczynski Ignacy 34 vs Gonzalez Fernando 26
Tloczynski Ignacy 34 vs Rios Marcelo 30
Tloczynski Ignacy 34 vs Massu Nicolas 18

Serbia 13 ----- Rusia 18
Dokovic Novak 31 vs Andreev Igor 24
Dokovic Novak 31 vs Davidenko Nikolai 30
Dokovic Novak 31 vs Safin Marat 28
Zimonjic Nenad 24 vs Andreev Igor 24
Zimonjic Nenad 24 vs Davidenko Nikolai 30
Zimonjic Nenad 24 vs Safin Marat 28
Troicki Victor 23 vs Andreev Igor 24
Troicki Victor 23 vs Davidenko Nikolai 30
Troicki Victor 23 vs Safin Marat 28

=== WINNER ===
Rusia --- 34
Polonia --- 30

====== ETAPA 3 ======

Polonia 30 ----- Rusia 34
Kubot Lukasz 24 vs Andreev Igor 24
Kubot Lukasz 24 vs Davidenko Nikolai 30
Kubot Lukasz 24 vs Safin Marat 28
Fibak Wojtek 23 vs Andreev Igor 24
Fibak Wojtek 23 vs Davidenko Nikolai 30
Fibak Wojtek 23 vs Safin Marat 28
Tloczynski Ignacy 34 vs Andreev Igor 24
Tloczynski Ignacy 34 vs Davidenko Nikolai 30
Tloczynski Ignacy 34 vs Safin Marat 28

=== WINNER ===
Rusia --- 50
