Franta
Spania
Suedia
Rusia
Croatia
Georgia
Romania
Australia
Brazilia
Uruguai
Serbia
Argentina
Canada
Chile
Belgia
Polonia

====== ETAPA 1 ======

Polonia 0 ----- Belgia 0
Kubot Lukasz 24 vs Malisse Xavier 23
Kubot Lukasz 24 vs Bemelmans Ruben 25
Kubot Lukasz 24 vs Darcis Steve 27
Fibak Wojtek 33 vs Malisse Xavier 23
Fibak Wojtek 33 vs Bemelmans Ruben 25
Fibak Wojtek 33 vs Darcis Steve 27
Tloczynski Ignacy 22 vs Malisse Xavier 23
Tloczynski Ignacy 22 vs Bemelmans Ruben 25
Tloczynski Ignacy 22 vs Darcis Steve 27

Chile 0 ----- Canada 0
Gonzalez Fernando 26 vs Pospisil Vasek 23
Gonzalez Fernando 26 vs Raonic Milos 22
Gonzalez Fernando 26 vs Nestor Daniel 27
Rios Marcelo 20 vs Pospisil Vasek 23
Rios Marcelo 20 vs Raonic Milos 22
Rios Marcelo 20 vs Nestor Daniel 27
Massu Nicolas 19 vs Pospisil Vasek 23
Massu Nicolas 19 vs Raonic Milos 22
Massu Nicolas 19 vs Nestor Daniel 27

Argentina 0 ----- Serbia 0
Coria Guillermo 26 vs Dokovic Novak 31
Coria Guillermo 26 vs Zimonjic Nenad 24
Coria Guillermo 26 vs Troicki Victor 20
Acasuso Jose 29 vs Dokovic Novak 31
Acasuso Jose 29 vs Zimonjic Nenad 24
Acasuso Jose 29 vs Troicki Victor 20
Mayer Leonardo 27 vs Dokovic Novak 31
Mayer Leonardo 27 vs Zimonjic Nenad 24
Mayer Leonardo 27 vs Troicki Victor 20

Uruguai 0 ----- Brazilia 0
Cuevas Martin 29 vs Kuerten Gustavo 26
Cuevas Martin 29 vs Melo Marcelo 19
Cuevas Martin 29 vs Bellucci Thomaz 21
Cuevas Pablo 21 vs Kuerten Gustavo 26
Cuevas Pablo 21 vs Melo Marcelo 19
Cuevas Pablo 21 vs Bellucci Thomaz 21
Behar Ariel 25 vs Kuerten Gustavo 26
Behar Ariel 25 vs Melo Marcelo 19
Behar Ariel 25 vs Bellucci Thomaz 21

Australia 0 ----- Romania 0
Perry Todd 21 vs Hanescu Victor 30
Perry Todd 21 vs Tecau Horia 35
Perry Todd 21 vs Cruciat Adrian 23
Rafter Patrick 26 vs Hanescu Victor 30
Rafter Patrick 26 vs Tecau Horia 35
Rafter Patrick 26 vs Cruciat Adrian 23
Hanley Paul 23 vs Hanescu Victor 30
Hanley Paul 23 vs Tecau Horia 35
Hanley Paul 23 vs Cruciat Adrian 23

Georgia 0 ----- Croatia 0
Metreveli Aleksandre 28 vs Ancic Mario 19
Metreveli Aleksandre 28 vs Ljubicic Ivan 22
Metreveli Aleksandre 28 vs Cilic Marin 25
Basilashvili Nikoloz 20 vs Ancic Mario 19
Basilashvili Nikoloz 20 vs Ljubicic Ivan 22
Basilashvili Nikoloz 20 vs Cilic Marin 25
Tsidavze George 29 vs Ancic Mario 19
Tsidavze George 29 vs Ljubicic Ivan 22
Tsidavze George 29 vs Cilic Marin 25

Rusia 0 ----- Suedia 0
Andreev Igor 25 vs Borg Bjorn 21
Andreev Igor 25 vs Edberg Stefan 24
Andreev Igor 25 vs Lindstedt Robert 17
Davidenko Nikolai 31 vs Borg Bjorn 21
Davidenko Nikolai 31 vs Edberg Stefan 24
Davidenko Nikolai 31 vs Lindstedt Robert 17
Safin Marat 28 vs Borg Bjorn 21
Safin Marat 28 vs Edberg Stefan 24
Safin Marat 28 vs Lindstedt Robert 17

Spania 0 ----- Franta 0
Ferrer David 29 vs Serra Florent 31
Ferrer David 29 vs Monfils Gael 23
Ferrer David 29 vs Pouille Lucas 27
Nadal Rafael 40 vs Serra Florent 31
Nadal Rafael 40 vs Monfils Gael 23
Nadal Rafael 40 vs Pouille Lucas 27
Montanes Albert 33 vs Serra Florent 31
Montanes Albert 33 vs Monfils Gael 23
Montanes Albert 33 vs Pouille Lucas 27

=== WINNER ===
Spania --- 24
Rusia --- 27
Georgia --- 21
Romania --- 22
Uruguai --- 19
Argentina --- 18
Canada --- 21
Belgia --- 15

====== ETAPA 2 ======

Belgia 15 ----- Canada 21
Malisse Xavier 23 vs Pospisil Vasek 23
Malisse Xavier 23 vs Raonic Milos 22
Malisse Xavier 23 vs Nestor Daniel 27
Bemelmans Ruben 25 vs Pospisil Vasek 23
Bemelmans Ruben 25 vs Raonic Milos 22
Bemelmans Ruben 25 vs Nestor Daniel 27
Darcis Steve 27 vs Pospisil Vasek 23
Darcis Steve 27 vs Raonic Milos 22
Darcis Steve 27 vs Nestor Daniel 27

Argentina 18 ----- Uruguai 19
Coria Guillermo 26 vs Cuevas Martin 29
Coria Guillermo 26 vs Cuevas Pablo 21
Coria Guillermo 26 vs Behar Ariel 25
Acasuso Jose 29 vs Cuevas Martin 29
Acasuso Jose 29 vs Cuevas Pablo 21
Acasuso Jose 29 vs Behar Ariel 25
Mayer Leonardo 27 vs Cuevas Martin 29
Mayer Leonardo 27 vs Cuevas Pablo 21
Mayer Leonardo 27 vs Behar Ariel 25

Romania 22 ----- Georgia 21
Hanescu Victor 30 vs Metreveli Aleksandre 28
Hanescu Victor 30 vs Basilashvili Nikoloz 20
Hanescu Victor 30 vs Tsidavze George 29
Tecau Horia 35 vs Metreveli Aleksandre 28
Tecau Horia 35 vs Basilashvili Nikoloz 20
Tecau Horia 35 vs Tsidavze George 29
Cruciat Adrian 23 vs Metreveli Aleksandre 28
Cruciat Adrian 23 vs Basilashvili Nikoloz 20
Cruciat Adrian 23 vs Tsidavze George 29

Rusia 27 ----- Spania 24
Andreev Igor 25 vs Ferrer David 29
Andreev Igor 25 vs Nadal Rafael 40
Andreev Igor 25 vs Montanes Albert 33
Davidenko Nikolai 31 vs Ferrer David 29
Davidenko Nikolai 31 vs Nadal Rafael 40
Davidenko Nikolai 31 vs Montanes Albert 33
Safin Marat 28 vs Ferrer David 29
Safin Marat 28 vs Nadal Rafael 40
Safin Marat 28 vs Montanes Albert 33

=== WINNER ===
Spania --- 48
Romania --- 43
Argentina --- 37
Belgia --- 32

====== ETAPA 3 ======

Belgia 32 ----- Argentina 37
Malisse Xavier 23 vs Coria Guillermo 26
Malisse Xavier 23 vs Acasuso Jose 29
Malisse Xavier 23 vs Mayer Leonardo 27
Bemelmans Ruben 25 vs Coria Guillermo 26
Bemelmans Ruben 25 vs Acasuso Jose 29
Bemelmans Ruben 25 vs Mayer Leonardo 27
Darcis Steve 27 vs Coria Guillermo 26
Darcis Steve 27 vs Acasuso Jose 29
Darcis Steve 27 vs Mayer Leonardo 27

Romania 43 ----- Spania 48
Hanescu Victor 30 vs Ferrer David 29
Hanescu Victor 30 vs Nadal Rafael 40
Hanescu Victor 30 vs Montanes Albert 33
Tecau Horia 35 vs Ferrer David 29
Tecau Horia 35 vs Nadal Rafael 40
Tecau Horia 35 vs Montanes Albert 33
Cruciat Adrian 23 vs Ferrer David 29
Cruciat Adrian 23 vs Nadal Rafael 40
Cruciat Adrian 23 vs Montanes Albert 33

=== WINNER ===
Spania --- 66
Argentina --- 59

====== ETAPA 4 ======

Argentina 59 ----- Spania 66
Coria Guillermo 26 vs Ferrer David 29
Coria Guillermo 26 vs Nadal Rafael 40
Coria Guillermo 26 vs Montanes Albert 33
Acasuso Jose 29 vs Ferrer David 29
Acasuso Jose 29 vs Nadal Rafael 40
Acasuso Jose 29 vs Montanes Albert 33
Mayer Leonardo 27 vs Ferrer David 29
Mayer Leonardo 27 vs Nadal Rafael 40
Mayer Leonardo 27 vs Montanes Albert 33

=== WINNER ===
Spania --- 91
