Franta
Spania
Georgia
Romania
Estonia
Germania
Rusia
Australia
Brazilia
Serbia
Belgia
Argentina
Japonia
Chile
Polonia
Canada

====== ETAPA 1 ======

Canada 0 ----- Polonia 0
Pospisil Vasek 23 vs Kubot Lukasz 24
Pospisil Vasek 23 vs Fibak Wojtek 23
Pospisil Vasek 23 vs Tloczynski Ignacy 34
Raonic Milos 22 vs Kubot Lukasz 24
Raonic Milos 22 vs Fibak Wojtek 23
Raonic Milos 22 vs Tloczynski Ignacy 34
Nestor Daniel 27 vs Kubot Lukasz 24
Nestor Daniel 27 vs Fibak Wojtek 23
Nestor Daniel 27 vs Tloczynski Ignacy 34

Chile 0 ----- Japonia 0
Gonzalez Fernando 26 vs Taro Daniel 25
Gonzalez Fernando 26 vs Nishikori Kei 26
Gonzalez Fernando 26 vs Tatsuma Ito 22
Rios Marcelo 30 vs Taro Daniel 25
Rios Marcelo 30 vs Nishikori Kei 26
Rios Marcelo 30 vs Tatsuma Ito 22
Massu Nicolas 18 vs Taro Daniel 25
Massu Nicolas 18 vs Nishikori Kei 26
Massu Nicolas 18 vs Tatsuma Ito 22

Argentina 0 ----- Belgia 0
Coria Guillermo 26 vs Malisse Xavier 23
Coria Guillermo 26 vs Bemelmans Ruben 25
Coria Guillermo 26 vs Darcis Steve 27
Acasuso Jose 29 vs Malisse Xavier 23
Acasuso Jose 29 vs Bemelmans Ruben 25
Acasuso Jose 29 vs Darcis Steve 27
Mayer Leonardo 27 vs Malisse Xavier 23
Mayer Leonardo 27 vs Bemelmans Ruben 25
Mayer Leonardo 27 vs Darcis Steve 27

Serbia 0 ----- Brazilia 0
Dokovic Novak 31 vs Kuerten Gustavo 26
Dokovic Novak 31 vs Melo Marcelo 19
Dokovic Novak 31 vs Bellucci Thomaz 21
Zimonjic Nenad 24 vs Kuerten Gustavo 26
Zimonjic Nenad 24 vs Melo Marcelo 19
Zimonjic Nenad 24 vs Bellucci Thomaz 21
Troicki Victor 23 vs Kuerten Gustavo 26
Troicki Victor 23 vs Melo Marcelo 19
Troicki Victor 23 vs Bellucci Thomaz 21

Australia 0 ----- Rusia 0
Perry Todd 21 vs Andreev Igor 24
Perry Todd 21 vs Davidenko Nikolai 30
Perry Todd 21 vs Safin Marat 28
Rafter Patrick 26 vs Andreev Igor 24
Rafter Patrick 26 vs Davidenko Nikolai 30
Rafter Patrick 26 vs Safin Marat 28
Hanley Paul 23 vs Andreev Igor 24
Hanley Paul 23 vs Davidenko Nikolai 30
Hanley Paul 23 vs Safin Marat 28

Germania 0 ----- Estonia 0
Haas Tommy 31 vs Zopp Jurgen 28
Haas Tommy 31 vs Tamm Kristjan 31
Haas Tommy 31 vs Ivanov Vladimir 21
Kiefer Nicolas 26 vs Zopp Jurgen 28
Kiefer Nicolas 26 vs Tamm Kristjan 31
Kiefer Nicolas 26 vs Ivanov Vladimir 21
Becker Boris 28 vs Zopp Jurgen 28
Becker Boris 28 vs Tamm Kristjan 31
Becker Boris 28 vs Ivanov Vladimir 21

Romania 0 ----- Georgia 0
Hanescu Victor 30 vs Metreveli Aleksandre 28
Hanescu Victor 30 vs Basilashvili Nikoloz 20
Hanescu Victor 30 vs Tsidavze George 29
Tecau Horia 35 vs Metreveli Aleksandre 28
Tecau Horia 35 vs Basilashvili Nikoloz 20
Tecau Horia 35 vs Tsidavze George 29
Cruciat Adrian 23 vs Metreveli Aleksandre 28
Cruciat Adrian 23 vs Basilashvili Nikoloz 20
Cruciat Adrian 23 vs Tsidavze George 29

Spania 0 ----- Franta 0
Ferrer David 29 vs Serra Florent 31
Ferrer David 29 vs Monfils Gael 25
Ferrer David 29 vs Pouille Lucas 27
Nadal Rafael 42 vs Serra Florent 31
Nadal Rafael 42 vs Monfils Gael 25
Nadal Rafael 42 vs Pouille Lucas 27
Montanes Albert 33 vs Serra Florent 31
Montanes Albert 33 vs Monfils Gael 25
Montanes Albert 33 vs Pouille Lucas 27

=== WINNER ===
Spania --- 24
Romania --- 21
Germania --- 14
Rusia --- 24
Serbia --- 21
Argentina --- 22
Chile --- 16
Polonia --- 19

====== ETAPA 2 ======

Polonia 19 ----- Chile 16
Kubot Lukasz 24 vs Gonzalez Fernando 26
Kubot Lukasz 24 vs Rios Marcelo 30
Kubot Lukasz 24 vs Massu Nicolas 18
Fibak Wojtek 23 vs Gonzalez Fernando 26
Fibak Wojtek 23 vs Rios Marcelo 30
Fibak Wojtek 23 vs Massu Nicolas 18
Tloczynski Ignacy 34 vs Gonzalez Fernando 26
Tloczynski Ignacy 34 vs Rios Marcelo 30
Tloczynski Ignacy 34 vs Massu Nicolas 18

Argentina 22 ----- Serbia 21
Coria Guillermo 26 vs Dokovic Novak 31
Coria Guillermo 26 vs Zimonjic Nenad 24
Coria Guillermo 26 vs Troicki Victor 23
Acasuso Jose 29 vs Dokovic Novak 31
Acasuso Jose 29 vs Zimonjic Nenad 24
Acasuso Jose 29 vs Troicki Victor 23
Mayer Leonardo 27 vs Dokovic Novak 31
Mayer Leonardo 27 vs Zimonjic Nenad 24
Mayer Leonardo 27 vs Troicki Victor 23

Rusia 24 ----- Germania 14
Andreev Igor 24 vs Haas Tommy 31
Andreev Igor 24 vs Kiefer Nicolas 26
Andreev Igor 24 vs Becker Boris 28
Davidenko Nikolai 30 vs Haas Tommy 31
Davidenko Nikolai 30 vs Kiefer Nicolas 26
Davidenko Nikolai 30 vs Becker Boris 28
Safin Marat 28 vs Haas Tommy 31
Safin Marat 28 vs Kiefer Nicolas 26
Safin Marat 28 vs Becker Boris 28

Romania 21 ----- Spania 24
Hanescu Victor 30 vs Ferrer David 29
Hanescu Victor 30 vs Nadal Rafael 42
Hanescu Victor 30 vs Montanes Albert 33
Tecau Horia 35 vs Ferrer David 29
Tecau Horia 35 vs Nadal Rafael 42
Tecau Horia 35 vs Montanes Albert 33
Cruciat Adrian 23 vs Ferrer David 29
Cruciat Adrian 23 vs Nadal Rafael 42
Cruciat Adrian 23 vs Montanes Albert 33

=== WINNER ===
Spania --- 42
Germania --- 30
Argentina --- 40
Polonia --- 34

====== ETAPA 3 ======

Polonia 34 ----- Argentina 40
Kubot Lukasz 24 vs Coria Guillermo 26
Kubot Lukasz 24 vs Acasuso Jose 29
Kubot Lukasz 24 vs Mayer Leonardo 27
Fibak Wojtek 23 vs Coria Guillermo 26
Fibak Wojtek 23 vs Acasuso Jose 29
Fibak Wojtek 23 vs Mayer Leonardo 27
Tloczynski Ignacy 34 vs Coria Guillermo 26
Tloczynski Ignacy 34 vs Acasuso Jose 29
Tloczynski Ignacy 34 vs Mayer Leonardo 27

Germania 30 ----- Spania 42
Haas Tommy 31 vs Ferrer David 29
Haas Tommy 31 vs Nadal Rafael 42
Haas Tommy 31 vs Montanes Albert 33
Kiefer Nicolas 26 vs Ferrer David 29
Kiefer Nicolas 26 vs Nadal Rafael 42
Kiefer Nicolas 26 vs Montanes Albert 33
Becker Boris 28 vs Ferrer David 29
Becker Boris 28 vs Nadal Rafael 42
Becker Boris 28 vs Montanes Albert 33

=== WINNER ===
Spania --- 66
Argentina --- 58

====== ETAPA 4 ======

Argentina 58 ----- Spania 66
Coria Guillermo 26 vs Ferrer David 29
Coria Guillermo 26 vs Nadal Rafael 42
Coria Guillermo 26 vs Montanes Albert 33
Acasuso Jose 29 vs Ferrer David 29
Acasuso Jose 29 vs Nadal Rafael 42
Acasuso Jose 29 vs Montanes Albert 33
Mayer Leonardo 27 vs Ferrer David 29
Mayer Leonardo 27 vs Nadal Rafael 42
Mayer Leonardo 27 vs Montanes Albert 33

=== WINNER ===
Spania --- 91
